{"/Users/cameronellis/work/pg-graphql-typeorm/lib/generation/serializer/serializeAssociations.ts": {"path":"/Users/cameronellis/work/pg-graphql-typeorm/lib/generation/serializer/serializeAssociations.ts","statementMap":{"0":{"start":{"line":1,"column":0},"end":{"line":1,"column":35}},"1":{"start":{"line":2,"column":0},"end":{"line":2,"column":52}},"2":{"start":{"line":4,"column":33},"end":{"line":20,"column":1}},"3":{"start":{"line":9,"column":23},"end":{"line":9,"column":42}},"4":{"start":{"line":10,"column":15},"end":{"line":10,"column":31}},"5":{"start":{"line":11,"column":21},"end":{"line":11,"column":46}},"6":{"start":{"line":12,"column":24},"end":{"line":12,"column":43}},"7":{"start":{"line":13,"column":18},"end":{"line":13,"column":72}},"8":{"start":{"line":14,"column":16},"end":{"line":14,"column":64}},"9":{"start":{"line":16,"column":2},"end":{"line":19,"column":15}},"10":{"start":{"line":4,"column":13},"end":{"line":4,"column":33}},"11":{"start":{"line":22,"column":34},"end":{"line":36,"column":1}},"12":{"start":{"line":26,"column":23},"end":{"line":26,"column":42}},"13":{"start":{"line":27,"column":15},"end":{"line":27,"column":31}},"14":{"start":{"line":29,"column":18},"end":{"line":29,"column":57}},"15":{"start":{"line":30,"column":16},"end":{"line":30,"column":64}},"16":{"start":{"line":32,"column":2},"end":{"line":35,"column":15}},"17":{"start":{"line":22,"column":13},"end":{"line":22,"column":34}},"18":{"start":{"line":39,"column":14},"end":{"line":39,"column":79}},"19":{"start":{"line":43,"column":2},"end":{"line":43,"column":13}},"20":{"start":{"line":46,"column":34},"end":{"line":109,"column":1}},"21":{"start":{"line":51,"column":23},"end":{"line":51,"column":42}},"22":{"start":{"line":53,"column":15},"end":{"line":53,"column":31}},"23":{"start":{"line":55,"column":22},"end":{"line":55,"column":24}},"24":{"start":{"line":57,"column":2},"end":{"line":59,"column":null}},"25":{"start":{"line":58,"column":4},"end":{"line":58,"column":58}},"26":{"start":{"line":60,"column":20},"end":{"line":60,"column":35}},"27":{"start":{"line":62,"column":27},"end":{"line":62,"column":44}},"28":{"start":{"line":63,"column":24},"end":{"line":63,"column":61}},"29":{"start":{"line":65,"column":24},"end":{"line":68,"column":4}},"30":{"start":{"line":70,"column":2},"end":{"line":72,"column":null}},"31":{"start":{"line":71,"column":4},"end":{"line":71,"column":58}},"32":{"start":{"line":74,"column":15},"end":{"line":78,"column":4}},"33":{"start":{"line":80,"column":2},"end":{"line":86,"column":null}},"34":{"start":{"line":81,"column":15},"end":{"line":81,"column":39}},"35":{"start":{"line":82,"column":19},"end":{"line":84,"column":8}},"36":{"start":{"line":85,"column":4},"end":{"line":85,"column":68}},"37":{"start":{"line":88,"column":27},"end":{"line":88,"column":36}},"38":{"start":{"line":90,"column":10},"end":{"line":90,"column":11}},"39":{"start":{"line":92,"column":2},"end":{"line":102,"column":null}},"40":{"start":{"line":93,"column":4},"end":{"line":101,"column":null}},"41":{"start":{"line":94,"column":29},"end":{"line":94,"column":60}},"42":{"start":{"line":96,"column":6},"end":{"line":98,"column":9}},"43":{"start":{"line":100,"column":6},"end":{"line":100,"column":10}},"44":{"start":{"line":105,"column":2},"end":{"line":108,"column":15}},"45":{"start":{"line":46,"column":13},"end":{"line":46,"column":34}},"46":{"start":{"line":111,"column":0},"end":{"line":138,"column":2}},"47":{"start":{"line":112,"column":17},"end":{"line":112,"column":19}},"48":{"start":{"line":114,"column":2},"end":{"line":119,"column":null}},"49":{"start":{"line":115,"column":4},"end":{"line":118,"column":null}},"50":{"start":{"line":116,"column":21},"end":{"line":116,"column":43}},"51":{"start":{"line":117,"column":6},"end":{"line":117,"column":79}},"52":{"start":{"line":121,"column":2},"end":{"line":127,"column":null}},"53":{"start":{"line":122,"column":4},"end":{"line":126,"column":null}},"54":{"start":{"line":125,"column":6},"end":{"line":125,"column":65}},"55":{"start":{"line":129,"column":2},"end":{"line":135,"column":null}},"56":{"start":{"line":130,"column":4},"end":{"line":134,"column":null}},"57":{"start":{"line":133,"column":6},"end":{"line":133,"column":72}},"58":{"start":{"line":137,"column":2},"end":{"line":137,"column":29}}},"fnMap":{"0":{"name":"(anonymous_0)","decl":{"start":{"line":4,"column":33},"end":{"line":4,"column":null}},"loc":{"start":{"line":8,"column":4},"end":{"line":20,"column":1}}},"1":{"name":"(anonymous_1)","decl":{"start":{"line":22,"column":34},"end":{"line":22,"column":null}},"loc":{"start":{"line":25,"column":4},"end":{"line":36,"column":1}}},"2":{"name":"hasOtherColumnNames","decl":{"start":{"line":38,"column":9},"end":{"line":38,"column":28}},"loc":{"start":{"line":38,"column":68},"end":{"line":44,"column":1}}},"3":{"name":"(anonymous_3)","decl":{"start":{"line":46,"column":34},"end":{"line":46,"column":null}},"loc":{"start":{"line":50,"column":4},"end":{"line":109,"column":1}}},"4":{"name":"(anonymous_4)","decl":{"start":{"line":111,"column":15},"end":{"line":111,"column":16}},"loc":{"start":{"line":111,"column":74},"end":{"line":138,"column":1}}}},"branchMap":{"0":{"loc":{"start":{"line":39,"column":14},"end":{"line":39,"column":33}},"type":"binary-expr","locations":[{"start":{"line":39,"column":14},"end":{"line":39,"column":33}},{"start":{"line":39,"column":38},"end":{"line":39,"column":53}},{"start":{"line":39,"column":57},"end":{"line":39,"column":78}}]},"1":{"loc":{"start":{"line":57,"column":2},"end":{"line":59,"column":null}},"type":"if","locations":[{"start":{"line":57,"column":2},"end":{"line":59,"column":null}},{"start":{"line":57,"column":2},"end":{"line":59,"column":null}}]},"2":{"loc":{"start":{"line":70,"column":2},"end":{"line":72,"column":null}},"type":"if","locations":[{"start":{"line":70,"column":2},"end":{"line":72,"column":null}},{"start":{"line":70,"column":2},"end":{"line":72,"column":null}}]},"3":{"loc":{"start":{"line":80,"column":2},"end":{"line":86,"column":null}},"type":"if","locations":[{"start":{"line":80,"column":2},"end":{"line":86,"column":null}},{"start":{"line":80,"column":2},"end":{"line":86,"column":null}}]},"4":{"loc":{"start":{"line":92,"column":2},"end":{"line":102,"column":null}},"type":"if","locations":[{"start":{"line":92,"column":2},"end":{"line":102,"column":null}},{"start":{"line":92,"column":2},"end":{"line":102,"column":null}}]},"5":{"loc":{"start":{"line":93,"column":11},"end":{"line":93,"column":57}},"type":"binary-expr","locations":[{"start":{"line":93,"column":11},"end":{"line":93,"column":57}},{"start":{"line":93,"column":61},"end":{"line":93,"column":66}}]},"6":{"loc":{"start":{"line":97,"column":25},"end":{"line":97,"column":60}},"type":"cond-expr","locations":[{"start":{"line":97,"column":25},"end":{"line":97,"column":60}},{"start":{"line":97,"column":63},"end":{"line":97,"column":null}}]},"7":{"loc":{"start":{"line":114,"column":2},"end":{"line":119,"column":null}},"type":"if","locations":[{"start":{"line":114,"column":2},"end":{"line":119,"column":null}},{"start":{"line":114,"column":2},"end":{"line":119,"column":null}}]},"8":{"loc":{"start":{"line":121,"column":2},"end":{"line":127,"column":null}},"type":"if","locations":[{"start":{"line":121,"column":2},"end":{"line":127,"column":null}},{"start":{"line":121,"column":2},"end":{"line":127,"column":null}}]},"9":{"loc":{"start":{"line":129,"column":2},"end":{"line":135,"column":null}},"type":"if","locations":[{"start":{"line":129,"column":2},"end":{"line":135,"column":null}},{"start":{"line":129,"column":2},"end":{"line":135,"column":null}}]}},"s":{"0":4,"1":4,"2":4,"3":12,"4":12,"5":12,"6":12,"7":12,"8":12,"9":12,"10":4,"11":4,"12":13,"13":13,"14":13,"15":13,"16":13,"17":4,"18":15,"19":15,"20":4,"21":12,"22":12,"23":12,"24":12,"25":12,"26":12,"27":12,"28":12,"29":12,"30":12,"31":12,"32":12,"33":12,"34":12,"35":12,"36":12,"37":12,"38":12,"39":12,"40":1,"41":2,"42":2,"43":2,"44":12,"45":4,"46":4,"47":26,"48":26,"49":11,"50":11,"51":11,"52":26,"53":6,"54":12,"55":26,"56":10,"57":10,"58":26},"f":{"0":12,"1":13,"2":15,"3":12,"4":26},"b":{"0":[15,12,0],"1":[12,0],"2":[12,0],"3":[12,0],"4":[1,11],"5":[3,2],"6":[1,1],"7":[11,15],"8":[6,20],"9":[10,16]}}
}
