{"/Users/cameronellis/work/pg-graphql-typeorm/lib/generation/createModels.ts": {"path":"/Users/cameronellis/work/pg-graphql-typeorm/lib/generation/createModels.ts","statementMap":{"0":{"start":{"line":2,"column":0},"end":{"line":2,"column":40}},"1":{"start":{"line":8,"column":28},"end":{"line":8,"column":41}},"2":{"start":{"line":10,"column":2},"end":{"line":14,"column":null}},"3":{"start":{"line":11,"column":4},"end":{"line":13,"column":null}},"4":{"start":{"line":12,"column":6},"end":{"line":12,"column":65}},"5":{"start":{"line":16,"column":2},"end":{"line":16,"column":16}},"6":{"start":{"line":4,"column":0},"end":{"line":4,"column":24}}},"fnMap":{"0":{"name":"createModels","decl":{"start":{"line":4,"column":24},"end":{"line":4,"column":36}},"loc":{"start":{"line":6,"column":29},"end":{"line":17,"column":1}}}},"branchMap":{},"s":{"0":4,"1":4,"2":4,"3":7,"4":31,"5":4,"6":4},"f":{"0":4},"b":{}}
,"/Users/cameronellis/work/pg-graphql-typeorm/lib/generation/createRelationships.ts": {"path":"/Users/cameronellis/work/pg-graphql-typeorm/lib/generation/createRelationships.ts","statementMap":{"0":{"start":{"line":2,"column":0},"end":{"line":2,"column":54}},"1":{"start":{"line":7,"column":19},"end":{"line":7,"column":32}},"2":{"start":{"line":9,"column":2},"end":{"line":13,"column":null}},"3":{"start":{"line":10,"column":4},"end":{"line":12,"column":null}},"4":{"start":{"line":11,"column":6},"end":{"line":11,"column":51}},"5":{"start":{"line":15,"column":2},"end":{"line":15,"column":16}},"6":{"start":{"line":3,"column":0},"end":{"line":3,"column":24}}},"fnMap":{"0":{"name":"createRelationships","decl":{"start":{"line":3,"column":24},"end":{"line":3,"column":43}},"loc":{"start":{"line":5,"column":29},"end":{"line":16,"column":1}}}},"branchMap":{},"s":{"0":3,"1":3,"2":3,"3":6,"4":24,"5":3,"6":3},"f":{"0":3},"b":{}}
,"/Users/cameronellis/work/pg-graphql-typeorm/lib/generation/associations/handleForeignNonPrimaryKey2.ts": {"path":"/Users/cameronellis/work/pg-graphql-typeorm/lib/generation/associations/handleForeignNonPrimaryKey2.ts","statementMap":{"0":{"start":{"line":10,"column":36},"end":{"line":48,"column":1}},"1":{"start":{"line":16,"column":2},"end":{"line":45,"column":null}},"2":{"start":{"line":16,"column":15},"end":{"line":16,"column":16}},"3":{"start":{"line":17,"column":25},"end":{"line":17,"column":44}},"4":{"start":{"line":18,"column":25},"end":{"line":18,"column":44}},"5":{"start":{"line":21,"column":28},"end":{"line":21,"column":76}},"6":{"start":{"line":22,"column":28},"end":{"line":22,"column":76}},"7":{"start":{"line":24,"column":4},"end":{"line":27,"column":null}},"8":{"start":{"line":26,"column":6},"end":{"line":26,"column":12}},"9":{"start":{"line":29,"column":31},"end":{"line":29,"column":73}},"10":{"start":{"line":31,"column":4},"end":{"line":33,"column":null}},"11":{"start":{"line":32,"column":6},"end":{"line":32,"column":38}},"12":{"start":{"line":35,"column":4},"end":{"line":37,"column":6}},"13":{"start":{"line":47,"column":2},"end":{"line":47,"column":28}},"14":{"start":{"line":50,"column":0},"end":{"line":50,"column":43}}},"fnMap":{"0":{"name":"(anonymous_0)","decl":{"start":{"line":10,"column":36},"end":{"line":10,"column":null}},"loc":{"start":{"line":15,"column":4},"end":{"line":48,"column":1}}}},"branchMap":{"0":{"loc":{"start":{"line":21,"column":46},"end":{"line":21,"column":48}},"type":"cond-expr","locations":[{"start":{"line":21,"column":46},"end":{"line":21,"column":48}},{"start":{"line":21,"column":46},"end":{"line":21,"column":69}}]},"1":{"loc":{"start":{"line":21,"column":28},"end":{"line":21,"column":48}},"type":"binary-expr","locations":[{"start":{"line":21,"column":28},"end":{"line":21,"column":48}},{"start":{"line":21,"column":46},"end":{"line":21,"column":48}}]},"2":{"loc":{"start":{"line":22,"column":46},"end":{"line":22,"column":48}},"type":"cond-expr","locations":[{"start":{"line":22,"column":46},"end":{"line":22,"column":48}},{"start":{"line":22,"column":46},"end":{"line":22,"column":69}}]},"3":{"loc":{"start":{"line":22,"column":28},"end":{"line":22,"column":48}},"type":"binary-expr","locations":[{"start":{"line":22,"column":28},"end":{"line":22,"column":48}},{"start":{"line":22,"column":46},"end":{"line":22,"column":48}}]},"4":{"loc":{"start":{"line":24,"column":4},"end":{"line":27,"column":null}},"type":"if","locations":[{"start":{"line":24,"column":4},"end":{"line":27,"column":null}},{"start":{"line":24,"column":4},"end":{"line":27,"column":null}}]},"5":{"loc":{"start":{"line":24,"column":8},"end":{"line":24,"column":23}},"type":"binary-expr","locations":[{"start":{"line":24,"column":8},"end":{"line":24,"column":23}},{"start":{"line":24,"column":27},"end":{"line":24,"column":42}}]},"6":{"loc":{"start":{"line":31,"column":4},"end":{"line":33,"column":null}},"type":"if","locations":[{"start":{"line":31,"column":4},"end":{"line":33,"column":null}},{"start":{"line":31,"column":4},"end":{"line":33,"column":null}}]}},"s":{"0":1,"1":1,"2":1,"3":1,"4":1,"5":1,"6":1,"7":1,"8":0,"9":1,"10":1,"11":0,"12":1,"13":1,"14":1},"f":{"0":1},"b":{"0":[0,1],"1":[1,1],"2":[0,1],"3":[1,1],"4":[0,1],"5":[1,0],"6":[0,1]}}
,"/Users/cameronellis/work/pg-graphql-typeorm/lib/generation/serializer/serialize.ts": {"path":"/Users/cameronellis/work/pg-graphql-typeorm/lib/generation/serializer/serialize.ts","statementMap":{"0":{"start":{"line":1,"column":0},"end":{"line":1,"column":60}},"1":{"start":{"line":2,"column":0},"end":{"line":2,"column":44}},"2":{"start":{"line":3,"column":0},"end":{"line":3,"column":50}},"3":{"start":{"line":4,"column":0},"end":{"line":4,"column":50}},"4":{"start":{"line":5,"column":0},"end":{"line":5,"column":50}},"5":{"start":{"line":6,"column":0},"end":{"line":6,"column":37}},"6":{"start":{"line":8,"column":0},"end":{"line":36,"column":2}},"7":{"start":{"line":15,"column":26},"end":{"line":15,"column":58}},"8":{"start":{"line":17,"column":27},"end":{"line":17,"column":59}},"9":{"start":{"line":19,"column":27},"end":{"line":19,"column":50}},"10":{"start":{"line":21,"column":32},"end":{"line":21,"column":68}},"11":{"start":{"line":23,"column":24},"end":{"line":30,"column":null}},"12":{"start":{"line":33,"column":25},"end":{"line":33,"column":68}},"13":{"start":{"line":35,"column":2},"end":{"line":35,"column":24}}},"fnMap":{"0":{"name":"(anonymous_1)","decl":{"start":{"line":8,"column":15},"end":{"line":8,"column":null}},"loc":{"start":{"line":12,"column":12},"end":{"line":36,"column":1}}}},"branchMap":{},"s":{"0":1,"1":1,"2":1,"3":1,"4":1,"5":1,"6":1,"7":10,"8":10,"9":10,"10":10,"11":10,"12":10,"13":10},"f":{"0":10},"b":{}}
,"/Users/cameronellis/work/pg-graphql-typeorm/lib/introspection/introspectDb.ts": {"path":"/Users/cameronellis/work/pg-graphql-typeorm/lib/introspection/introspectDb.ts","statementMap":{"0":{"start":{"line":2,"column":0},"end":{"line":2,"column":35}},"1":{"start":{"line":4,"column":0},"end":{"line":4,"column":63}},"2":{"start":{"line":11,"column":0},"end":{"line":26,"column":2}},"3":{"start":{"line":14,"column":27},"end":{"line":26,"column":2}},"4":{"start":{"line":15,"column":15},"end":{"line":18,"column":4}},"5":{"start":{"line":20,"column":18},"end":{"line":20,"column":62}},"6":{"start":{"line":22,"column":2},"end":{"line":25,"column":4}}},"fnMap":{"0":{"name":"(anonymous_8)","decl":{"start":{"line":11,"column":15},"end":{"line":11,"column":null}},"loc":{"start":{"line":14,"column":27},"end":{"line":26,"column":2}}},"1":{"name":"(anonymous_9)","decl":{"start":{"line":14,"column":27},"end":{"line":14,"column":null}},"loc":{"start":{"line":14,"column":27},"end":{"line":26,"column":1}}}},"branchMap":{},"s":{"0":4,"1":4,"2":4,"3":4,"4":4,"5":4,"6":4},"f":{"0":4,"1":4},"b":{}}
,"/Users/cameronellis/work/pg-graphql-typeorm/lib/test/connectTestDb.ts": {"path":"/Users/cameronellis/work/pg-graphql-typeorm/lib/test/connectTestDb.ts","statementMap":{"0":{"start":{"line":1,"column":0},"end":{"line":1,"column":55}},"1":{"start":{"line":4,"column":17},"end":{"line":8,"column":4}},"2":{"start":{"line":10,"column":2},"end":{"line":10,"column":25}},"3":{"start":{"line":12,"column":2},"end":{"line":12,"column":16}},"4":{"start":{"line":3,"column":0},"end":{"line":3,"column":null}}},"fnMap":{"0":{"name":"default_1","decl":{"start":{"line":3,"column":0},"end":{"line":3,"column":null}},"loc":{"start":{"line":3,"column":0},"end":{"line":13,"column":null}}}},"branchMap":{},"s":{"0":5,"1":5,"2":5,"3":5,"4":5},"f":{"0":5},"b":{}}
}
