TN:
SF:lib/generation/serializer/serializeAssociations.ts
FN:7,(anonymous_1)
FN:26,(anonymous_2)
FN:34,(anonymous_3)
FN:38,(anonymous_4)
FN:61,(anonymous_5)
FN:64,(anonymous_6)
FN:74,(anonymous_7)
FN:77,(anonymous_8)
FN:90,(anonymous_9)
FN:106,(anonymous_10)
FN:158,(anonymous_11)
FNF:11
FNH:8
FNDA:12,(anonymous_1)
FNDA:9,(anonymous_2)
FNDA:21,(anonymous_3)
FNDA:27,(anonymous_4)
FNDA:27,(anonymous_5)
FNDA:1,(anonymous_6)
FNDA:0,(anonymous_7)
FNDA:0,(anonymous_8)
FNDA:0,(anonymous_9)
FNDA:2,(anonymous_10)
FNDA:33,(anonymous_11)
DA:1,4
DA:2,4
DA:3,4
DA:4,4
DA:5,4
DA:7,4
DA:13,12
DA:14,12
DA:15,12
DA:16,12
DA:17,12
DA:18,12
DA:20,12
DA:26,4
DA:30,9
DA:31,9
DA:32,9
DA:34,9
DA:35,21
DA:36,21
DA:37,21
DA:38,21
DA:39,27
DA:41,27
DA:43,27
DA:46,27
DA:47,27
DA:49,27
DA:50,12
DA:52,27
DA:53,27
DA:55,27
DA:61,27
DA:64,4
DA:69,1
DA:70,1
DA:71,0
DA:72,0
DA:74,0
DA:75,0
DA:76,0
DA:77,0
DA:78,0
DA:79,0
DA:81,0
DA:82,0
DA:83,0
DA:85,0
DA:90,0
DA:92,1
DA:93,1
DA:95,1
DA:96,1
DA:99,1
DA:106,4
DA:112,2
DA:114,2
DA:116,2
DA:118,2
DA:119,2
DA:121,2
DA:123,2
DA:124,2
DA:126,2
DA:131,2
DA:132,2
DA:135,2
DA:141,2
DA:142,2
DA:143,2
DA:146,2
DA:149,2
DA:152,2
DA:158,4
DA:163,33
DA:165,33
DA:166,11
DA:167,11
DA:168,11
DA:179,33
DA:180,33
DA:181,9
DA:184,33
DA:185,33
DA:186,17
DA:189,33
LF:86
LH:73
BRDA:31,0,0,9
BRDA:31,0,1,0
BRDA:37,1,0,21
BRDA:37,1,1,0
BRDA:44,2,0,12
BRDA:44,2,1,15
BRDA:46,3,0,12
BRDA:46,3,1,15
BRDA:49,4,0,12
BRDA:49,4,1,15
BRDA:70,5,0,0
BRDA:70,5,1,1
BRDA:76,6,0,0
BRDA:76,6,1,0
BRDA:118,7,0,2
BRDA:118,7,1,0
BRDA:131,8,0,2
BRDA:131,8,1,0
BRDA:141,9,0,2
BRDA:141,9,1,0
BRDA:165,10,0,11
BRDA:165,10,1,22
BRDA:180,11,0,9
BRDA:180,11,1,24
BRDA:185,12,0,17
BRDA:185,12,1,16
BRF:26
BRH:18
end_of_record
TN:
SF:lib/generation/serializer/serializeManyToOneByAssoc.ts
FN:6,(anonymous_1)
FN:16,(anonymous_2)
FN:19,(anonymous_3)
FN:64,(anonymous_4)
FNF:4
FNH:4
FNDA:17,(anonymous_1)
FNDA:17,(anonymous_2)
FNDA:21,(anonymous_3)
FNDA:21,(anonymous_4)
DA:1,4
DA:2,4
DA:3,4
DA:4,4
DA:6,4
DA:11,17
DA:12,17
DA:13,17
DA:14,17
DA:16,17
DA:17,17
DA:18,17
DA:19,17
DA:20,21
DA:21,21
DA:22,21
DA:23,21
DA:25,21
DA:27,21
DA:31,21
DA:36,21
DA:37,21
DA:38,21
DA:40,21
DA:41,21
DA:44,21
DA:45,21
DA:47,21
DA:48,8
DA:50,13
DA:52,21
DA:64,21
LF:32
LH:32
BRDA:12,0,0,17
BRDA:12,0,1,0
BRDA:18,1,0,17
BRDA:18,1,1,0
BRDA:28,2,0,8
BRDA:28,2,1,13
BRDA:37,3,0,21
BRDA:37,3,1,0
BRDA:40,4,0,21
BRDA:40,4,1,0
BRDA:47,5,0,8
BRDA:47,5,1,13
BRF:12
BRH:8
end_of_record
