TN:
SF:lib/generation/createModels.ts
FN:4,createModels
FNF:1
FNH:1
FNDA:4,createModels
DA:2,4
DA:4,4
DA:8,4
DA:10,4
DA:11,7
DA:12,31
DA:16,4
LF:7
LH:7
BRF:0
BRH:0
end_of_record
TN:
SF:lib/generation/createRelationships.ts
FN:3,createRelationships
FNF:1
FNH:1
FNDA:3,createRelationships
DA:2,3
DA:3,3
DA:7,3
DA:9,3
DA:10,6
DA:11,24
DA:15,3
LF:7
LH:7
BRF:0
BRH:0
end_of_record
TN:
SF:lib/generation/associations/handleForeignNonPrimaryKey2.ts
FN:10,(anonymous_0)
FNF:1
FNH:1
FNDA:1,(anonymous_0)
DA:10,1
DA:16,1
DA:17,1
DA:18,1
DA:21,1
DA:22,1
DA:24,1
DA:26,0
DA:29,1
DA:31,1
DA:32,0
DA:35,1
DA:47,1
DA:50,1
LF:14
LH:12
BRDA:21,0,0,0
BRDA:21,0,1,1
BRDA:21,1,0,1
BRDA:21,1,1,1
BRDA:22,2,0,0
BRDA:22,2,1,1
BRDA:22,3,0,1
BRDA:22,3,1,1
BRDA:24,4,0,0
BRDA:24,4,1,1
BRDA:24,5,0,1
BRDA:24,5,1,0
BRDA:31,6,0,0
BRDA:31,6,1,1
BRF:14
BRH:9
end_of_record
TN:
SF:lib/generation/serializer/serialize.ts
FN:8,(anonymous_1)
FNF:1
FNH:1
FNDA:10,(anonymous_1)
DA:1,1
DA:2,1
DA:3,1
DA:4,1
DA:5,1
DA:6,1
DA:8,1
DA:15,10
DA:17,10
DA:19,10
DA:21,10
DA:23,10
DA:33,10
DA:35,10
LF:14
LH:14
BRF:0
BRH:0
end_of_record
TN:
SF:lib/introspection/introspectDb.ts
FN:11,(anonymous_8)
FN:14,(anonymous_9)
FNF:2
FNH:2
FNDA:4,(anonymous_8)
FNDA:4,(anonymous_9)
DA:2,4
DA:4,4
DA:11,4
DA:14,4
DA:15,4
DA:20,4
DA:22,4
LF:7
LH:7
BRF:0
BRH:0
end_of_record
TN:
SF:lib/test/connectTestDb.ts
FN:3,default_1
FNF:1
FNH:1
FNDA:5,default_1
DA:1,5
DA:3,5
DA:4,5
DA:10,5
DA:12,5
LF:5
LH:5
BRF:0
BRH:0
end_of_record
